Building DAG of jobs...
Using shell: /usr/bin/bash
Provided cores: 30
Rules claiming more threads will be scaled down.
Job counts:
	count	jobs
	1	all
	2	bam_index_and_2bw
	1	build_index
	12	feature_count
	1	genome_map
	2	sam_2_uniquebam
	2	uniquebam_sort_and_index
	21

rule build_index:
    input: /data2/zhoulab/yuxinghai/hg19_jlRNAseq/anno/hg19.fa, /data2/zhoulab/yuxinghai/hg19_jlRNAseq/anno/gencode.v19.annotation.gtf, /data2/zhoulab/yuxinghai/hg19_jlRNAseq/anno/hg19_encodev19_rRNA.fa
    output: /data2/zhoulab/yuxinghai/hg19_jlRNAseq/anno/rRNA/SAindex, /data2/zhoulab/yuxinghai/hg19_jlRNAseq/anno/hg19_index/SAindex
    jobid: 18
    wildcards: anno_dir=/data2/zhoulab/yuxinghai/hg19_jlRNAseq/anno
    threads: 20


rule genome_map:
    input: /data2/zhoulab/yuxinghai/hg19_jlRNAseq/results/02_mapping/rRNA/F1/F1Unmapped.out.mate2_sort, /data2/zhoulab/yuxinghai/hg19_jlRNAseq/results/02_mapping/rRNA/F1/F1Unmapped.out.mate1_sort
    output: /data2/zhoulab/yuxinghai/hg19_jlRNAseq/results/02_mapping/sorted/F1/F1_SortAligned.out.sam
    jobid: 44
    wildcards: work_dir=/data2/zhoulab/yuxinghai/hg19_jlRNAseq/results, dataset=F1


rule sam_2_uniquebam:
    input: /data2/zhoulab/yuxinghai/hg19_jlRNAseq/results/02_mapping/sorted/F2/F2_SortAligned.out.sam
    output: /data2/zhoulab/yuxinghai/hg19_jlRNAseq/results/02_mapping/sorted/F2/F2_uniq.bam
    jobid: 15
    wildcards: work_dir=/data2/zhoulab/yuxinghai/hg19_jlRNAseq/results, dataset=F2

Error in rule genome_map:
    jobid: 44
    output: /data2/zhoulab/yuxinghai/hg19_jlRNAseq/results/02_mapping/sorted/F1/F1_SortAligned.out.sam

RuleException:
CalledProcessError in line 96 of /data2/zhoulab/yuxinghai/hg19_jlRNAseq/snakemake/hg19_Snakefile.py:
Command ' set -euo pipefail;  
        STAR --genomeDir /data2/zhoulab/yuxinghai/hg19_jlRNAseq/anno/hg19_index --readFilesIn /data2/zhoulab/yuxinghai/hg19_jlRNAseq/results/02_mapping/rRNA/F1/F1Unmapped.out.mate1_sort /data2/zhoulab/yuxinghai/hg19_jlRNAseq/results/02_mapping/rRNA/F1/F1Unmapped.out.mate2_sort --runThreadN 20 --outFileNamePrefix /data2/zhoulab/yuxinghai/hg19_jlRNAseq/results/02_mapping/sorted/F1/F1_Sort --outReadsUnmapped Fastx --outFilterMatchNmin 40 --outFilterScoreMinOverLread 0 --outFilterMatchNminOverLread 0 ' returned non-zero exit status 105
  File "/data2/zhoulab/yuxinghai/hg19_jlRNAseq/snakemake/hg19_Snakefile.py", line 96, in __rule_genome_map
  File "/data1/zhoulab/yuxinghai/.conda/envs/py35/lib/python3.5/concurrent/futures/thread.py", line 55, in run
Removing output files of failed job genome_map since they might be corrupted:
/data2/zhoulab/yuxinghai/hg19_jlRNAseq/results/02_mapping/sorted/F1/F1_SortAligned.out.sam
Finished job 15.
1 of 21 steps (5%) done
Finished job 18.
2 of 21 steps (10%) done
Shutting down, this might take some time.
Exiting because a job execution failed. Look above for error message
Complete log: /data2/zhoulab/yuxinghai/hg19_jlRNAseq/snakemake/.snakemake/log/2018-03-31T102922.342618.snakemake.log
