Building DAG of jobs...
Using shell: /usr/bin/bash
Provided cluster nodes: 30
Job counts:
	count	jobs
	1	all
	12	bam_index_and_2bw
	1	build_index
	12	feature_count
	12	genome_map
	12	rRNA_map
	12	sam_2_uniquebam
	12	sort_STAR_result
	12	uniquebam_sort_and_index
	86

rule rRNA_map:
    input: /zhounas/zhoulab/backup/xhyu/20171012JL/HB160055-01武汉大学12个人lncRNA建库测序过滤任务单_VIP/ANHB160055_HB160055-01_2017-01-09/Cleandata/V1/V1_R2.fq.gz, /zhounas/zhoulab/backup/xhyu/20171012JL/HB160055-01武汉大学12个人lncRNA建库测序过滤任务单_VIP/ANHB160055_HB160055-01_2017-01-09/Cleandata/V1/V1_R1.fq.gz
    output: /data2/zhoulab/yuxinghai/hg19_jlRNAseq/results/02_mapping/rRNA/V1/V1Unmapped.out.mate1, /data2/zhoulab/yuxinghai/hg19_jlRNAseq/results/02_mapping/rRNA/V1/V1Unmapped.out.mate2
    jobid: 54
    wildcards: work_dir=/data2/zhoulab/yuxinghai/hg19_jlRNAseq/results, dataset=V1
    threads: 20

Error submitting jobscript (exit code 127):


rule rRNA_map:
    input: /zhounas/zhoulab/backup/xhyu/20171012JL/HB160055-01武汉大学12个人lncRNA建库测序过滤任务单_VIP/ANHB160055_HB160055-01_2017-01-09/Cleandata/N02/N02_R2.fq.gz, /zhounas/zhoulab/backup/xhyu/20171012JL/HB160055-01武汉大学12个人lncRNA建库测序过滤任务单_VIP/ANHB160055_HB160055-01_2017-01-09/Cleandata/N02/N02_R1.fq.gz
    output: /data2/zhoulab/yuxinghai/hg19_jlRNAseq/results/02_mapping/rRNA/N02/N02Unmapped.out.mate1, /data2/zhoulab/yuxinghai/hg19_jlRNAseq/results/02_mapping/rRNA/N02/N02Unmapped.out.mate2
    jobid: 43
    wildcards: work_dir=/data2/zhoulab/yuxinghai/hg19_jlRNAseq/results, dataset=N02
    threads: 20

Error submitting jobscript (exit code 127):


rule rRNA_map:
    input: /zhounas/zhoulab/backup/xhyu/20171012JL/HB160055-01武汉大学12个人lncRNA建库测序过滤任务单_VIP/ANHB160055_HB160055-01_2017-01-09/Cleandata/V2/V2_R2.fq.gz, /zhounas/zhoulab/backup/xhyu/20171012JL/HB160055-01武汉大学12个人lncRNA建库测序过滤任务单_VIP/ANHB160055_HB160055-01_2017-01-09/Cleandata/V2/V2_R1.fq.gz
    output: /data2/zhoulab/yuxinghai/hg19_jlRNAseq/results/02_mapping/rRNA/V2/V2Unmapped.out.mate1, /data2/zhoulab/yuxinghai/hg19_jlRNAseq/results/02_mapping/rRNA/V2/V2Unmapped.out.mate2
    jobid: 82
    wildcards: work_dir=/data2/zhoulab/yuxinghai/hg19_jlRNAseq/results, dataset=V2
    threads: 20

Error submitting jobscript (exit code 127):


rule rRNA_map:
    input: /zhounas/zhoulab/backup/xhyu/20171012JL/HB160055-01武汉大学12个人lncRNA建库测序过滤任务单_VIP/ANHB160055_HB160055-01_2017-01-09/Cleandata/F2/F2_R2.fq.gz, /zhounas/zhoulab/backup/xhyu/20171012JL/HB160055-01武汉大学12个人lncRNA建库测序过滤任务单_VIP/ANHB160055_HB160055-01_2017-01-09/Cleandata/F2/F2_R1.fq.gz
    output: /data2/zhoulab/yuxinghai/hg19_jlRNAseq/results/02_mapping/rRNA/F2/F2Unmapped.out.mate1, /data2/zhoulab/yuxinghai/hg19_jlRNAseq/results/02_mapping/rRNA/F2/F2Unmapped.out.mate2
    jobid: 28
    wildcards: work_dir=/data2/zhoulab/yuxinghai/hg19_jlRNAseq/results, dataset=F2
    threads: 20

Error submitting jobscript (exit code 127):


rule rRNA_map:
    input: /zhounas/zhoulab/backup/xhyu/20171012JL/HB160055-01武汉大学12个人lncRNA建库测序过滤任务单_VIP/ANHB160055_HB160055-01_2017-01-09/Cleandata/N01/N01_R2.fq.gz, /zhounas/zhoulab/backup/xhyu/20171012JL/HB160055-01武汉大学12个人lncRNA建库测序过滤任务单_VIP/ANHB160055_HB160055-01_2017-01-09/Cleandata/N01/N01_R1.fq.gz
    output: /data2/zhoulab/yuxinghai/hg19_jlRNAseq/results/02_mapping/rRNA/N01/N01Unmapped.out.mate1, /data2/zhoulab/yuxinghai/hg19_jlRNAseq/results/02_mapping/rRNA/N01/N01Unmapped.out.mate2
    jobid: 8
    wildcards: work_dir=/data2/zhoulab/yuxinghai/hg19_jlRNAseq/results, dataset=N01
    threads: 20

Error submitting jobscript (exit code 127):


rule rRNA_map:
    input: /zhounas/zhoulab/backup/xhyu/20171012JL/HB160055-01武汉大学12个人lncRNA建库测序过滤任务单_VIP/ANHB160055_HB160055-01_2017-01-09/Cleandata/PS1/PS1_R2.fq.gz, /zhounas/zhoulab/backup/xhyu/20171012JL/HB160055-01武汉大学12个人lncRNA建库测序过滤任务单_VIP/ANHB160055_HB160055-01_2017-01-09/Cleandata/PS1/PS1_R1.fq.gz
    output: /data2/zhoulab/yuxinghai/hg19_jlRNAseq/results/02_mapping/rRNA/PS1/PS1Unmapped.out.mate1, /data2/zhoulab/yuxinghai/hg19_jlRNAseq/results/02_mapping/rRNA/PS1/PS1Unmapped.out.mate2
    jobid: 50
    wildcards: work_dir=/data2/zhoulab/yuxinghai/hg19_jlRNAseq/results, dataset=PS1
    threads: 20

Error submitting jobscript (exit code 127):


rule rRNA_map:
    input: /zhounas/zhoulab/backup/xhyu/20171012JL/HB160055-01武汉大学12个人lncRNA建库测序过滤任务单_VIP/ANHB160055_HB160055-01_2017-01-09/Cleandata/G1/G1_R2.fq.gz, /zhounas/zhoulab/backup/xhyu/20171012JL/HB160055-01武汉大学12个人lncRNA建库测序过滤任务单_VIP/ANHB160055_HB160055-01_2017-01-09/Cleandata/G1/G1_R1.fq.gz
    output: /data2/zhoulab/yuxinghai/hg19_jlRNAseq/results/02_mapping/rRNA/G1/G1Unmapped.out.mate1, /data2/zhoulab/yuxinghai/hg19_jlRNAseq/results/02_mapping/rRNA/G1/G1Unmapped.out.mate2
    jobid: 57
    wildcards: work_dir=/data2/zhoulab/yuxinghai/hg19_jlRNAseq/results, dataset=G1
    threads: 20

Error submitting jobscript (exit code 127):


rule rRNA_map:
    input: /zhounas/zhoulab/backup/xhyu/20171012JL/HB160055-01武汉大学12个人lncRNA建库测序过滤任务单_VIP/ANHB160055_HB160055-01_2017-01-09/Cleandata/G2/G2_R2.fq.gz, /zhounas/zhoulab/backup/xhyu/20171012JL/HB160055-01武汉大学12个人lncRNA建库测序过滤任务单_VIP/ANHB160055_HB160055-01_2017-01-09/Cleandata/G2/G2_R1.fq.gz
    output: /data2/zhoulab/yuxinghai/hg19_jlRNAseq/results/02_mapping/rRNA/G2/G2Unmapped.out.mate1, /data2/zhoulab/yuxinghai/hg19_jlRNAseq/results/02_mapping/rRNA/G2/G2Unmapped.out.mate2
    jobid: 65
    wildcards: work_dir=/data2/zhoulab/yuxinghai/hg19_jlRNAseq/results, dataset=G2
    threads: 20

Error submitting jobscript (exit code 127):


rule build_index:
    input: /data2/zhoulab/yuxinghai/hg19_jlRNAseq/anno/hg19.fa, /data2/zhoulab/yuxinghai/hg19_jlRNAseq/anno/gencode.v19.annotation.gtf, /data2/zhoulab/yuxinghai/hg19_jlRNAseq/anno/hg19_encodev19_rRNA.fa
    output: /data2/zhoulab/yuxinghai/hg19_jlRNAseq/anno/genome/SAindex, /data2/zhoulab/yuxinghai/hg19_jlRNAseq/anno/rRNA/SAindex
    jobid: 71
    wildcards: anno_dir=/data2/zhoulab/yuxinghai/hg19_jlRNAseq/anno
    threads: 20

Error submitting jobscript (exit code 127):


rule rRNA_map:
    input: /zhounas/zhoulab/backup/xhyu/20171012JL/HB160055-01武汉大学12个人lncRNA建库测序过滤任务单_VIP/ANHB160055_HB160055-01_2017-01-09/Cleandata/NT2/NT2_R2.fq.gz, /zhounas/zhoulab/backup/xhyu/20171012JL/HB160055-01武汉大学12个人lncRNA建库测序过滤任务单_VIP/ANHB160055_HB160055-01_2017-01-09/Cleandata/NT2/NT2_R1.fq.gz
    output: /data2/zhoulab/yuxinghai/hg19_jlRNAseq/results/02_mapping/rRNA/NT2/NT2Unmapped.out.mate1, /data2/zhoulab/yuxinghai/hg19_jlRNAseq/results/02_mapping/rRNA/NT2/NT2Unmapped.out.mate2
    jobid: 17
    wildcards: work_dir=/data2/zhoulab/yuxinghai/hg19_jlRNAseq/results, dataset=NT2
    threads: 20

Error submitting jobscript (exit code 127):


rule rRNA_map:
    input: /zhounas/zhoulab/backup/xhyu/20171012JL/HB160055-01武汉大学12个人lncRNA建库测序过滤任务单_VIP/ANHB160055_HB160055-01_2017-01-09/Cleandata/PS2/PS2_R2.fq.gz, /zhounas/zhoulab/backup/xhyu/20171012JL/HB160055-01武汉大学12个人lncRNA建库测序过滤任务单_VIP/ANHB160055_HB160055-01_2017-01-09/Cleandata/PS2/PS2_R1.fq.gz
    output: /data2/zhoulab/yuxinghai/hg19_jlRNAseq/results/02_mapping/rRNA/PS2/PS2Unmapped.out.mate1, /data2/zhoulab/yuxinghai/hg19_jlRNAseq/results/02_mapping/rRNA/PS2/PS2Unmapped.out.mate2
    jobid: 61
    wildcards: work_dir=/data2/zhoulab/yuxinghai/hg19_jlRNAseq/results, dataset=PS2
    threads: 20

Error submitting jobscript (exit code 127):


rule rRNA_map:
    input: /zhounas/zhoulab/backup/xhyu/20171012JL/HB160055-01武汉大学12个人lncRNA建库测序过滤任务单_VIP/ANHB160055_HB160055-01_2017-01-09/Cleandata/F1/F1_R2.fq.gz, /zhounas/zhoulab/backup/xhyu/20171012JL/HB160055-01武汉大学12个人lncRNA建库测序过滤任务单_VIP/ANHB160055_HB160055-01_2017-01-09/Cleandata/F1/F1_R1.fq.gz
    output: /data2/zhoulab/yuxinghai/hg19_jlRNAseq/results/02_mapping/rRNA/F1/F1Unmapped.out.mate1, /data2/zhoulab/yuxinghai/hg19_jlRNAseq/results/02_mapping/rRNA/F1/F1Unmapped.out.mate2
    jobid: 83
    wildcards: work_dir=/data2/zhoulab/yuxinghai/hg19_jlRNAseq/results, dataset=F1
    threads: 20

Error submitting jobscript (exit code 127):


rule rRNA_map:
    input: /zhounas/zhoulab/backup/xhyu/20171012JL/HB160055-01武汉大学12个人lncRNA建库测序过滤任务单_VIP/ANHB160055_HB160055-01_2017-01-09/Cleandata/NT1/NT1_R2.fq.gz, /zhounas/zhoulab/backup/xhyu/20171012JL/HB160055-01武汉大学12个人lncRNA建库测序过滤任务单_VIP/ANHB160055_HB160055-01_2017-01-09/Cleandata/NT1/NT1_R1.fq.gz
    output: /data2/zhoulab/yuxinghai/hg19_jlRNAseq/results/02_mapping/rRNA/NT1/NT1Unmapped.out.mate1, /data2/zhoulab/yuxinghai/hg19_jlRNAseq/results/02_mapping/rRNA/NT1/NT1Unmapped.out.mate2
    jobid: 21
    wildcards: work_dir=/data2/zhoulab/yuxinghai/hg19_jlRNAseq/results, dataset=NT1
    threads: 20

Error submitting jobscript (exit code 127):

Shutting down, this might take some time.
Exiting because a job execution failed. Look above for error message
Complete log: /data2/zhoulab/yuxinghai/hg19_jlRNAseq/snakemake/.snakemake/log/2018-03-29T231738.994334.snakemake.log
