Building DAG of jobs...
Using shell: /usr/bin/bash
Provided cores: 30
Rules claiming more threads will be scaled down.
Job counts:
	count	jobs
	1	all
	12	bam_index_and_2bw
	1	build_index
	12	feature_count
	12	genome_map
	12	rRNA_map
	12	sam_2_uniquebam
	12	sort_STAR_result
	12	uniquebam_sort_and_index
	86

rule rRNA_map:
    input: /zhounas/zhoulab/backup/xhyu/20171012JL/HB160055-01武汉大学12个人lncRNA建库测序过滤任务单_VIP/ANHB160055_HB160055-01_2017-01-09/Cleandata/PS2/PS2_R2.fq.gz, /zhounas/zhoulab/backup/xhyu/20171012JL/HB160055-01武汉大学12个人lncRNA建库测序过滤任务单_VIP/ANHB160055_HB160055-01_2017-01-09/Cleandata/PS2/PS2_R1.fq.gz
    output: /data2/zhoulab/yuxinghai/hg19_jlRNAseq/results/02_mapping/rRNA/PS2/PS2Unmapped.out.mate1, /data2/zhoulab/yuxinghai/hg19_jlRNAseq/results/02_mapping/rRNA/PS2/PS2Unmapped.out.mate2
    jobid: 33
    wildcards: work_dir=/data2/zhoulab/yuxinghai/hg19_jlRNAseq/results, dataset=PS2
    threads: 20

Finished job 33.
1 of 86 steps (1%) done

rule rRNA_map:
    input: /zhounas/zhoulab/backup/xhyu/20171012JL/HB160055-01武汉大学12个人lncRNA建库测序过滤任务单_VIP/ANHB160055_HB160055-01_2017-01-09/Cleandata/PS1/PS1_R2.fq.gz, /zhounas/zhoulab/backup/xhyu/20171012JL/HB160055-01武汉大学12个人lncRNA建库测序过滤任务单_VIP/ANHB160055_HB160055-01_2017-01-09/Cleandata/PS1/PS1_R1.fq.gz
    output: /data2/zhoulab/yuxinghai/hg19_jlRNAseq/results/02_mapping/rRNA/PS1/PS1Unmapped.out.mate1, /data2/zhoulab/yuxinghai/hg19_jlRNAseq/results/02_mapping/rRNA/PS1/PS1Unmapped.out.mate2
    jobid: 57
    wildcards: work_dir=/data2/zhoulab/yuxinghai/hg19_jlRNAseq/results, dataset=PS1
    threads: 20


rule sort_STAR_result:
    input: /data2/zhoulab/yuxinghai/hg19_jlRNAseq/results/02_mapping/rRNA/PS2/PS2Unmapped.out.mate2, /data2/zhoulab/yuxinghai/hg19_jlRNAseq/results/02_mapping/rRNA/PS2/PS2Unmapped.out.mate1
    output: /data2/zhoulab/yuxinghai/hg19_jlRNAseq/results/02_mapping/rRNA/PS2/PS2Unmapped.out.mate2_sort, /data2/zhoulab/yuxinghai/hg19_jlRNAseq/results/02_mapping/rRNA/PS2/PS2Unmapped.out.mate1_sort
    jobid: 83
    wildcards: work_dir=/data2/zhoulab/yuxinghai/hg19_jlRNAseq/results, dataset=PS2

Finished job 83.
2 of 86 steps (2%) done

rule genome_map:
    input: /data2/zhoulab/yuxinghai/hg19_jlRNAseq/results/02_mapping/rRNA/PS2/PS2Unmapped.out.mate2_sort, /data2/zhoulab/yuxinghai/hg19_jlRNAseq/results/02_mapping/rRNA/PS2/PS2Unmapped.out.mate1_sort
    output: /data2/zhoulab/yuxinghai/hg19_jlRNAseq/results/02_mapping/sorted/PS2/PS2_SortAligned.out.sam
    jobid: 38
    wildcards: work_dir=/data2/zhoulab/yuxinghai/hg19_jlRNAseq/results, dataset=PS2

Error in rule genome_map:
    jobid: 38
    output: /data2/zhoulab/yuxinghai/hg19_jlRNAseq/results/02_mapping/sorted/PS2/PS2_SortAligned.out.sam

RuleException:
CalledProcessError in line 95 of /data2/zhoulab/yuxinghai/hg19_jlRNAseq/snakemake/hg19_Snakefile.py:
Command ' set -euo pipefail;  
        STAR --genomeDir /data2/zhoulab/yuxinghai/hg19_jlRNAseq/anno/genome --readFilesIn /data2/zhoulab/yuxinghai/hg19_jlRNAseq/results/02_mapping/rRNA/PS2/PS2Unmapped.out.mate1_sort /data2/zhoulab/yuxinghai/hg19_jlRNAseq/results/02_mapping/rRNA/PS2/PS2Unmapped.out.mate2_sort --runThreadN 20 --outFileNamePrefix /data2/zhoulab/yuxinghai/hg19_jlRNAseq/results/02_mapping/sorted/PS2/PS2_Sort --outReadsUnmapped Fastx --outFilterMatchNmin 40 --outFilterScoreMinOverLread 0 --outFilterMatchNminOverLread 0 ' returned non-zero exit status 105
  File "/data2/zhoulab/yuxinghai/hg19_jlRNAseq/snakemake/hg19_Snakefile.py", line 95, in __rule_genome_map
  File "/data1/zhoulab/yuxinghai/.conda/envs/py35/lib/python3.5/concurrent/futures/thread.py", line 55, in run
Removing output files of failed job genome_map since they might be corrupted:
/data2/zhoulab/yuxinghai/hg19_jlRNAseq/results/02_mapping/sorted/PS2/PS2_SortAligned.out.sam
Finished job 57.
3 of 86 steps (3%) done
Shutting down, this might take some time.
Exiting because a job execution failed. Look above for error message
Complete log: /data2/zhoulab/yuxinghai/hg19_jlRNAseq/snakemake/.snakemake/log/2018-03-30T092410.945131.snakemake.log
