Building DAG of jobs...
Using shell: /usr/bin/bash
Provided cores: 30
Rules claiming more threads will be scaled down.
Job counts:
	count	jobs
	1	all
	12	bam_index_and_2bw
	13

rule bam_index_and_2bw:
    input: /data2/zhoulab/yuxinghai/hg19_jlRNAseq/results/02_mapping/sorted/N02/N02_uniq_sort.bam
    output: /data2/zhoulab/yuxinghai/hg19_jlRNAseq/results/02_mapping/sorted/N02/N02_uniq_sort.bam.bai, /data2/zhoulab/yuxinghai/hg19_jlRNAseq/results/bw/N02_Forward.bw, /data2/zhoulab/yuxinghai/hg19_jlRNAseq/results/bw/N02_Reverse.bw
    jobid: 52
    wildcards: work_dir=/data2/zhoulab/yuxinghai/hg19_jlRNAseq/results, dataset=N02


rule bam_index_and_2bw:
    input: /data2/zhoulab/yuxinghai/hg19_jlRNAseq/results/02_mapping/sorted/F2/F2_uniq_sort.bam
    output: /data2/zhoulab/yuxinghai/hg19_jlRNAseq/results/02_mapping/sorted/F2/F2_uniq_sort.bam.bai, /data2/zhoulab/yuxinghai/hg19_jlRNAseq/results/bw/F2_Forward.bw, /data2/zhoulab/yuxinghai/hg19_jlRNAseq/results/bw/F2_Reverse.bw
    jobid: 23
    wildcards: work_dir=/data2/zhoulab/yuxinghai/hg19_jlRNAseq/results, dataset=F2


rule bam_index_and_2bw:
    input: /data2/zhoulab/yuxinghai/hg19_jlRNAseq/results/02_mapping/sorted/G1/G1_uniq_sort.bam
    output: /data2/zhoulab/yuxinghai/hg19_jlRNAseq/results/02_mapping/sorted/G1/G1_uniq_sort.bam.bai, /data2/zhoulab/yuxinghai/hg19_jlRNAseq/results/bw/G1_Forward.bw, /data2/zhoulab/yuxinghai/hg19_jlRNAseq/results/bw/G1_Reverse.bw
    jobid: 5
    wildcards: work_dir=/data2/zhoulab/yuxinghai/hg19_jlRNAseq/results, dataset=G1


rule bam_index_and_2bw:
    input: /data2/zhoulab/yuxinghai/hg19_jlRNAseq/results/02_mapping/sorted/NT1/NT1_uniq_sort.bam
    output: /data2/zhoulab/yuxinghai/hg19_jlRNAseq/results/02_mapping/sorted/NT1/NT1_uniq_sort.bam.bai, /data2/zhoulab/yuxinghai/hg19_jlRNAseq/results/bw/NT1_Forward.bw, /data2/zhoulab/yuxinghai/hg19_jlRNAseq/results/bw/NT1_Reverse.bw
    jobid: 67
    wildcards: work_dir=/data2/zhoulab/yuxinghai/hg19_jlRNAseq/results, dataset=NT1


rule bam_index_and_2bw:
    input: /data2/zhoulab/yuxinghai/hg19_jlRNAseq/results/02_mapping/sorted/V2/V2_uniq_sort.bam
    output: /data2/zhoulab/yuxinghai/hg19_jlRNAseq/results/02_mapping/sorted/V2/V2_uniq_sort.bam.bai, /data2/zhoulab/yuxinghai/hg19_jlRNAseq/results/bw/V2_Forward.bw, /data2/zhoulab/yuxinghai/hg19_jlRNAseq/results/bw/V2_Reverse.bw
    jobid: 30
    wildcards: work_dir=/data2/zhoulab/yuxinghai/hg19_jlRNAseq/results, dataset=V2


rule bam_index_and_2bw:
    input: /data2/zhoulab/yuxinghai/hg19_jlRNAseq/results/02_mapping/sorted/G2/G2_uniq_sort.bam
    output: /data2/zhoulab/yuxinghai/hg19_jlRNAseq/results/02_mapping/sorted/G2/G2_uniq_sort.bam.bai, /data2/zhoulab/yuxinghai/hg19_jlRNAseq/results/bw/G2_Forward.bw, /data2/zhoulab/yuxinghai/hg19_jlRNAseq/results/bw/G2_Reverse.bw
    jobid: 69
    wildcards: work_dir=/data2/zhoulab/yuxinghai/hg19_jlRNAseq/results, dataset=G2


rule bam_index_and_2bw:
    input: /data2/zhoulab/yuxinghai/hg19_jlRNAseq/results/02_mapping/sorted/NT2/NT2_uniq_sort.bam
    output: /data2/zhoulab/yuxinghai/hg19_jlRNAseq/results/02_mapping/sorted/NT2/NT2_uniq_sort.bam.bai, /data2/zhoulab/yuxinghai/hg19_jlRNAseq/results/bw/NT2_Forward.bw, /data2/zhoulab/yuxinghai/hg19_jlRNAseq/results/bw/NT2_Reverse.bw
    jobid: 78
    wildcards: work_dir=/data2/zhoulab/yuxinghai/hg19_jlRNAseq/results, dataset=NT2


rule bam_index_and_2bw:
    input: /data2/zhoulab/yuxinghai/hg19_jlRNAseq/results/02_mapping/sorted/PS2/PS2_uniq_sort.bam
    output: /data2/zhoulab/yuxinghai/hg19_jlRNAseq/results/02_mapping/sorted/PS2/PS2_uniq_sort.bam.bai, /data2/zhoulab/yuxinghai/hg19_jlRNAseq/results/bw/PS2_Forward.bw, /data2/zhoulab/yuxinghai/hg19_jlRNAseq/results/bw/PS2_Reverse.bw
    jobid: 75
    wildcards: work_dir=/data2/zhoulab/yuxinghai/hg19_jlRNAseq/results, dataset=PS2


rule bam_index_and_2bw:
    input: /data2/zhoulab/yuxinghai/hg19_jlRNAseq/results/02_mapping/sorted/N01/N01_uniq_sort.bam
    output: /data2/zhoulab/yuxinghai/hg19_jlRNAseq/results/02_mapping/sorted/N01/N01_uniq_sort.bam.bai, /data2/zhoulab/yuxinghai/hg19_jlRNAseq/results/bw/N01_Forward.bw, /data2/zhoulab/yuxinghai/hg19_jlRNAseq/results/bw/N01_Reverse.bw
    jobid: 53
    wildcards: work_dir=/data2/zhoulab/yuxinghai/hg19_jlRNAseq/results, dataset=N01


rule bam_index_and_2bw:
    input: /data2/zhoulab/yuxinghai/hg19_jlRNAseq/results/02_mapping/sorted/V1/V1_uniq_sort.bam
    output: /data2/zhoulab/yuxinghai/hg19_jlRNAseq/results/02_mapping/sorted/V1/V1_uniq_sort.bam.bai, /data2/zhoulab/yuxinghai/hg19_jlRNAseq/results/bw/V1_Forward.bw, /data2/zhoulab/yuxinghai/hg19_jlRNAseq/results/bw/V1_Reverse.bw
    jobid: 59
    wildcards: work_dir=/data2/zhoulab/yuxinghai/hg19_jlRNAseq/results, dataset=V1


rule bam_index_and_2bw:
    input: /data2/zhoulab/yuxinghai/hg19_jlRNAseq/results/02_mapping/sorted/F1/F1_uniq_sort.bam
    output: /data2/zhoulab/yuxinghai/hg19_jlRNAseq/results/02_mapping/sorted/F1/F1_uniq_sort.bam.bai, /data2/zhoulab/yuxinghai/hg19_jlRNAseq/results/bw/F1_Forward.bw, /data2/zhoulab/yuxinghai/hg19_jlRNAseq/results/bw/F1_Reverse.bw
    jobid: 79
    wildcards: work_dir=/data2/zhoulab/yuxinghai/hg19_jlRNAseq/results, dataset=F1


rule bam_index_and_2bw:
    input: /data2/zhoulab/yuxinghai/hg19_jlRNAseq/results/02_mapping/sorted/PS1/PS1_uniq_sort.bam
    output: /data2/zhoulab/yuxinghai/hg19_jlRNAseq/results/02_mapping/sorted/PS1/PS1_uniq_sort.bam.bai, /data2/zhoulab/yuxinghai/hg19_jlRNAseq/results/bw/PS1_Forward.bw, /data2/zhoulab/yuxinghai/hg19_jlRNAseq/results/bw/PS1_Reverse.bw
    jobid: 77
    wildcards: work_dir=/data2/zhoulab/yuxinghai/hg19_jlRNAseq/results, dataset=PS1

Calcualte wigsum ... 
No alignments for chr19_gl000208_random. skipped
No alignments for chr21_gl000210_random. skipped
No alignments for chr6_apd_hap1. skipped
Processing chr13 ...
Calcualte wigsum ... 
Processing chr19_gl000208_random ...
Calcualte wigsum ... 
Processing chr19_gl000208_random ...
Calcualte wigsum ... 
Processing chr19_gl000208_random ...
Processing chr21_gl000210_random ...
Processing chr21_gl000210_random ...
Processing chr6_apd_hap1 ...
Processing chr21_gl000210_random ...
Processing chr13 ...
Processing chr6_apd_hap1 ...
Processing chr13 ...
Processing chr6_apd_hap1 ...
Processing chr13 ...
Processing chr12 ...
Processing chr12 ...
Processing chr12 ...
Processing chr12 ...
Calcualte wigsum ... 
Processing chr19_gl000208_random ...
Processing chr21_gl000210_random ...
Processing chr6_apd_hap1 ...
Processing chr13 ...
Calcualte wigsum ... 
Processing chr19_gl000208_random ...
Processing chr21_gl000210_random ...
Processing chr6_apd_hap1 ...
Processing chr13 ...
Processing chr12 ...
Calcualte wigsum ... 
Processing chr19_gl000208_random ...
Processing chr21_gl000210_random ...
Processing chr6_apd_hap1 ...
Processing chr13 ...
Calcualte wigsum ... 
Processing chr19_gl000208_random ...
Processing chr21_gl000210_random ...
Processing chr6_apd_hap1 ...
Processing chr13 ...
Calcualte wigsum ... 
Processing chr19_gl000208_random ...
Processing chr12 ...
Processing chr21_gl000210_random ...
Processing chr6_apd_hap1 ...
Processing chr13 ...
Calcualte wigsum ... 
Processing chr19_gl000208_random ...
Processing chr21_gl000210_random ...
Processing chr6_apd_hap1 ...
Processing chr13 ...
Calcualte wigsum ... 
Processing chr19_gl000208_random ...
Processing chr21_gl000210_random ...
Processing chr6_apd_hap1 ...
Processing chr13 ...
Processing chr12 ...
Processing chr12 ...
Processing chr12 ...
Processing chr12 ...
Processing chr12 ...
Processing chr11 ...
Processing chr11 ...
Calcualte wigsum ... 
Processing chr19_gl000208_random ...
Processing chr21_gl000210_random ...
Processing chr6_apd_hap1 ...
Processing chr13 ...
Processing chr11 ...
Processing chr11 ...
Processing chr11 ...
Processing chr12 ...
Processing chr11 ...
Processing chr10 ...
Processing chr11 ...
Processing chr11 ...
Processing chr11 ...
Processing chr11 ...
Processing chr10 ...
Processing chr11 ...
Processing chr10 ...
Processing chr10 ...
Processing chr17 ...
Processing chr11 ...
Processing chr17 ...
Processing chr10 ...
Processing chr10 ...
Processing chr17 ...
Processing chr17 ...
Processing chr10 ...
Processing chr10 ...
Processing chr10 ...
Processing chr16 ...
Processing chr10 ...
Processing chr10 ...
Processing chr17 ...
Processing chr17 ...
Processing chr16 ...
Processing chr15 ...
Processing chr10 ...
Processing chr17 ...
Processing chr16 ...
Processing chr16 ...
Processing chr17 ...
Processing chr17 ...
Processing chr17 ...
Processing chr17 ...
Processing chr15 ...
Processing chr14 ...
Processing chr15 ...
Processing chr15 ...
Processing chr16 ...
Processing chr16 ...
Processing chr17 ...
Processing chr14 ...
Processing chr16 ...
Processing chr14 ...
Processing chr14 ...
Processing chr16 ...
Processing chr15 ...
Processing chr15 ...
Processing chr16 ...
Processing chr16 ...
Processing chr19 ...
Processing chr16 ...
Processing chr15 ...
Processing chr15 ...
Processing chr14 ...
Processing chr14 ...
Processing chr15 ...
Processing chr15 ...
Processing chr16 ...
Processing chr19 ...
Processing chr15 ...
Processing chr18 ...
Processing chr19 ...
Processing chr19 ...
No alignments for chr9_gl000198_random. skipped
No alignments for chrUn_gl000239. skipped
No alignments for chrUn_gl000238. skipped
No alignments for chrUn_gl000233. skipped
No alignments for chrUn_gl000232. skipped
No alignments for chrUn_gl000231. skipped
No alignments for chrUn_gl000230. skipped
No alignments for chrUn_gl000237. skipped
No alignments for chrUn_gl000236. skipped
No alignments for chrUn_gl000235. skipped
No alignments for chrUn_gl000234. skipped
No alignments for chr6_qbl_hap6. skipped
No alignments for chr11_gl000202_random. skipped
No alignments for chr17_gl000206_random. skipped
No alignments for chr6_cox_hap2. skipped
No alignments for chr4_gl000193_random. skipped
No alignments for chrUn_gl000248. skipped
No alignments for chrUn_gl000249. skipped
No alignments for chrUn_gl000246. skipped
No alignments for chrUn_gl000247. skipped
No alignments for chrUn_gl000244. skipped
No alignments for chrUn_gl000245. skipped
No alignments for chrUn_gl000242. skipped
No alignments for chrUn_gl000243. skipped
No alignments for chrUn_gl000240. skipped
No alignments for chrUn_gl000241. skipped
No alignments for chr17_gl000204_random. skipped
No alignments for chr17_ctg5_hap1. skipped
No alignments for chr17_gl000205_random. skipped
No alignments for chr9_gl000199_random. skipped
No alignments for chr9_gl000201_random. skipped
Processing chr8 ...
Processing chr14 ...
Processing chr14 ...
Processing chr14 ...
Processing chr14 ...
Processing chr15 ...
Processing chr14 ...
No alignments for chr6_ssto_hap7. skipped
No alignments for chr8_gl000197_random. skipped
No alignments for chr6_dbb_hap3. skipped
No alignments for chr7_gl000195_random. skipped
No alignments for chr1_gl000191_random. skipped
No alignments for chr4_ctg9_hap1. skipped
Processing chr3 ...
Processing chr18 ...
Processing chr19 ...
Processing chr19 ...
Processing chr18 ...
Processing chr18 ...
Processing chr9_gl000198_random ...
Processing chrUn_gl000239 ...
Processing chrUn_gl000238 ...
Processing chrUn_gl000233 ...
Processing chrUn_gl000232 ...
Processing chrUn_gl000231 ...
Processing chrUn_gl000230 ...
Processing chrUn_gl000237 ...
Processing chrUn_gl000236 ...
Processing chrUn_gl000235 ...
Processing chrUn_gl000234 ...
Processing chr6_qbl_hap6 ...
Processing chr11_gl000202_random ...
Processing chr17_gl000206_random ...
Processing chr6_cox_hap2 ...
Processing chr4_gl000193_random ...
Processing chrUn_gl000248 ...
Processing chrUn_gl000249 ...
Processing chrUn_gl000246 ...
Processing chrUn_gl000247 ...
Processing chrUn_gl000244 ...
Processing chrUn_gl000245 ...
Processing chrUn_gl000242 ...
Processing chrUn_gl000243 ...
Processing chrUn_gl000240 ...
Processing chrUn_gl000241 ...
Processing chr17_gl000204_random ...
Processing chr17_ctg5_hap1 ...
Processing chr17_gl000205_random ...
Processing chr9_gl000199_random ...
Processing chr9_gl000201_random ...
Processing chr8 ...
Processing chr9_gl000198_random ...
Processing chrUn_gl000239 ...
Processing chrUn_gl000238 ...
Processing chrUn_gl000233 ...
Processing chrUn_gl000232 ...
Processing chrUn_gl000231 ...
Processing chrUn_gl000230 ...
Processing chrUn_gl000237 ...
Processing chrUn_gl000236 ...
Processing chrUn_gl000235 ...
Processing chrUn_gl000234 ...
Processing chr6_qbl_hap6 ...
Processing chr11_gl000202_random ...
Processing chr17_gl000206_random ...
Processing chr6_cox_hap2 ...
Processing chr4_gl000193_random ...
Processing chrUn_gl000248 ...
Processing chrUn_gl000249 ...
Processing chrUn_gl000246 ...
Processing chrUn_gl000247 ...
Processing chrUn_gl000244 ...
Processing chrUn_gl000245 ...
Processing chrUn_gl000242 ...
Processing chrUn_gl000243 ...
Processing chrUn_gl000240 ...
Processing chrUn_gl000241 ...
Processing chr17_gl000204_random ...
Processing chr17_ctg5_hap1 ...
Processing chr17_gl000205_random ...
Processing chr9_gl000199_random ...
Processing chr9_gl000201_random ...
Processing chr8 ...
Processing chr9_gl000198_random ...
Processing chrUn_gl000239 ...
Processing chrUn_gl000238 ...
Processing chrUn_gl000233 ...
Processing chrUn_gl000232 ...
Processing chrUn_gl000231 ...
Processing chrUn_gl000230 ...
Processing chrUn_gl000237 ...
Processing chrUn_gl000236 ...
Processing chrUn_gl000235 ...
Processing chrUn_gl000234 ...
Processing chr6_qbl_hap6 ...
Processing chr11_gl000202_random ...
Processing chr17_gl000206_random ...
Processing chr6_cox_hap2 ...
Processing chr4_gl000193_random ...
Processing chrUn_gl000248 ...
Processing chrUn_gl000249 ...
Processing chrUn_gl000246 ...
Processing chrUn_gl000247 ...
Processing chrUn_gl000244 ...
Processing chrUn_gl000245 ...
Processing chrUn_gl000242 ...
Processing chrUn_gl000243 ...
Processing chrUn_gl000240 ...
Processing chrUn_gl000241 ...
Processing chr17_gl000204_random ...
Processing chr17_ctg5_hap1 ...
Processing chr17_gl000205_random ...
Processing chr9_gl000199_random ...
Processing chr9_gl000201_random ...
Processing chr8 ...
Processing chr19 ...
Processing chr14 ...
Processing chr19 ...
Processing chr18 ...
Processing chr6_ssto_hap7 ...
Processing chr8_gl000197_random ...
Processing chr6_dbb_hap3 ...
No alignments for chrUn_gl000229. skipped
Processing chr1 ...
Processing chr7_gl000195_random ...
Processing chr1_gl000191_random ...
Processing chr4_ctg9_hap1 ...
Processing chr3 ...
Processing chr18 ...
Processing chr6_ssto_hap7 ...
Processing chr8_gl000197_random ...
Processing chr6_dbb_hap3 ...
Processing chr7_gl000195_random ...
Processing chr1_gl000191_random ...
Processing chr4_ctg9_hap1 ...
Processing chr3 ...
Processing chr19 ...
Processing chr6_ssto_hap7 ...
Processing chr8_gl000197_random ...
Processing chr6_dbb_hap3 ...
Processing chr7_gl000195_random ...
Processing chr1_gl000191_random ...
Processing chr19 ...
Processing chr4_ctg9_hap1 ...
Processing chr9_gl000198_random ...
Processing chrUn_gl000239 ...
Processing chrUn_gl000238 ...
Processing chr3 ...
Processing chrUn_gl000233 ...
Processing chrUn_gl000232 ...
Processing chrUn_gl000231 ...
Processing chrUn_gl000230 ...
Processing chrUn_gl000237 ...
Processing chrUn_gl000236 ...
Processing chrUn_gl000235 ...
Processing chrUn_gl000234 ...
Processing chr6_qbl_hap6 ...
Processing chr11_gl000202_random ...
Processing chr17_gl000206_random ...
Processing chr6_cox_hap2 ...
Processing chr4_gl000193_random ...
Processing chrUn_gl000248 ...
Processing chrUn_gl000249 ...
Processing chrUn_gl000246 ...
Processing chrUn_gl000247 ...
Processing chrUn_gl000244 ...
Processing chrUn_gl000245 ...
Processing chrUn_gl000242 ...
Processing chrUn_gl000243 ...
Processing chrUn_gl000240 ...
Processing chrUn_gl000241 ...
Processing chr17_gl000204_random ...
Processing chr17_ctg5_hap1 ...
Processing chr17_gl000205_random ...
Processing chr9_gl000199_random ...
Processing chr9_gl000201_random ...
Processing chr8 ...
Processing chr9_gl000198_random ...
Processing chrUn_gl000239 ...
Processing chrUn_gl000238 ...
Processing chrUn_gl000233 ...
Processing chrUn_gl000232 ...
Processing chrUn_gl000231 ...
Processing chrUn_gl000230 ...
Processing chrUn_gl000237 ...
Processing chrUn_gl000236 ...
Processing chrUn_gl000235 ...
Processing chrUn_gl000234 ...
Processing chr6_qbl_hap6 ...
Processing chr11_gl000202_random ...
Processing chr17_gl000206_random ...
Processing chr6_cox_hap2 ...
Processing chr4_gl000193_random ...
Processing chrUn_gl000248 ...
Processing chrUn_gl000249 ...
Processing chrUn_gl000246 ...
Processing chrUn_gl000247 ...
Processing chrUn_gl000244 ...
Processing chrUn_gl000245 ...
Processing chrUn_gl000242 ...
Processing chrUn_gl000243 ...
Processing chrUn_gl000240 ...
Processing chrUn_gl000241 ...
Processing chr17_gl000204_random ...
Processing chr17_ctg5_hap1 ...
Processing chr17_gl000205_random ...
Processing chr9_gl000199_random ...
Processing chr9_gl000201_random ...
Processing chr8 ...
Processing chr19 ...
Processing chr18 ...
Processing chr9_gl000198_random ...
Processing chrUn_gl000239 ...
Processing chrUn_gl000238 ...
Processing chrUn_gl000233 ...
Processing chrUn_gl000232 ...
Processing chrUn_gl000231 ...
Processing chrUn_gl000230 ...
Processing chrUn_gl000237 ...
Processing chrUn_gl000236 ...
Processing chrUn_gl000235 ...
Processing chrUn_gl000234 ...
Processing chr6_qbl_hap6 ...
Processing chr11_gl000202_random ...
Processing chr17_gl000206_random ...
Processing chr6_cox_hap2 ...
Processing chr4_gl000193_random ...
Processing chrUn_gl000248 ...
Processing chrUn_gl000249 ...
Processing chrUn_gl000246 ...
Processing chrUn_gl000247 ...
Processing chrUn_gl000244 ...
Processing chrUn_gl000245 ...
Processing chrUn_gl000242 ...
Processing chrUn_gl000243 ...
Processing chrUn_gl000240 ...
Processing chrUn_gl000241 ...
Processing chr17_gl000204_random ...
Processing chr17_ctg5_hap1 ...
Processing chr17_gl000205_random ...
Processing chr9_gl000199_random ...
Processing chr9_gl000201_random ...
Processing chr8 ...
Processing chr19 ...
Processing chr6_ssto_hap7 ...
Processing chr8_gl000197_random ...
Processing chr6_dbb_hap3 ...
Processing chr18 ...
Processing chr7_gl000195_random ...
Processing chr1_gl000191_random ...
Processing chr4_ctg9_hap1 ...
Processing chr3 ...
Processing chr6_ssto_hap7 ...
Processing chr8_gl000197_random ...
Processing chr6_dbb_hap3 ...
Processing chr7_gl000195_random ...
Processing chr1_gl000191_random ...
Processing chr4_ctg9_hap1 ...
Processing chr3 ...
Processing chrUn_gl000229 ...
Processing chr1 ...
Processing chr18 ...
Processing chrUn_gl000229 ...
Processing chr1 ...
Processing chr9_gl000198_random ...
Processing chrUn_gl000239 ...
Processing chrUn_gl000238 ...
Processing chrUn_gl000233 ...
Processing chrUn_gl000232 ...
Processing chrUn_gl000231 ...
Processing chrUn_gl000230 ...
Processing chrUn_gl000237 ...
Processing chrUn_gl000236 ...
Processing chrUn_gl000235 ...
Processing chrUn_gl000234 ...
Processing chr6_qbl_hap6 ...
Processing chr11_gl000202_random ...
Processing chr17_gl000206_random ...
Processing chr6_cox_hap2 ...
Processing chr4_gl000193_random ...
Processing chrUn_gl000248 ...
Processing chrUn_gl000249 ...
Processing chrUn_gl000246 ...
Processing chrUn_gl000247 ...
Processing chrUn_gl000244 ...
Processing chrUn_gl000245 ...
Processing chrUn_gl000242 ...
Processing chrUn_gl000243 ...
Processing chrUn_gl000240 ...
Processing chrUn_gl000241 ...
Processing chr17_gl000204_random ...
Processing chr17_ctg5_hap1 ...
Processing chr17_gl000205_random ...
Processing chr9_gl000199_random ...
Processing chr9_gl000201_random ...
Processing chr8 ...
Processing chr18 ...
Processing chr18 ...
Processing chrUn_gl000229 ...
Processing chr1 ...
Processing chr9_gl000198_random ...
Processing chrUn_gl000239 ...
Processing chrUn_gl000238 ...
Processing chrUn_gl000233 ...
Processing chrUn_gl000232 ...
Processing chrUn_gl000231 ...
Processing chrUn_gl000230 ...
Processing chrUn_gl000237 ...
Processing chrUn_gl000236 ...
Processing chrUn_gl000235 ...
Processing chrUn_gl000234 ...
Processing chr6_qbl_hap6 ...
Processing chr11_gl000202_random ...
Processing chr17_gl000206_random ...
Processing chr6_cox_hap2 ...
Processing chr4_gl000193_random ...
Processing chrUn_gl000248 ...
Processing chrUn_gl000249 ...
Processing chrUn_gl000246 ...
Processing chrUn_gl000247 ...
Processing chrUn_gl000244 ...
Processing chrUn_gl000245 ...
Processing chrUn_gl000242 ...
Processing chrUn_gl000243 ...
Processing chrUn_gl000240 ...
Processing chrUn_gl000241 ...
Processing chr17_gl000204_random ...
Processing chr17_ctg5_hap1 ...
Processing chr17_gl000205_random ...
Processing chr9_gl000199_random ...
Processing chr9_gl000201_random ...
Processing chr8 ...
Processing chr9_gl000198_random ...
Processing chrUn_gl000239 ...
Processing chrUn_gl000238 ...
Processing chrUn_gl000233 ...
Processing chrUn_gl000232 ...
Processing chrUn_gl000231 ...
Processing chrUn_gl000230 ...
Processing chrUn_gl000237 ...
Processing chrUn_gl000236 ...
Processing chrUn_gl000235 ...
Processing chrUn_gl000234 ...
Processing chr6_qbl_hap6 ...
Processing chr11_gl000202_random ...
Processing chr17_gl000206_random ...
Processing chr6_cox_hap2 ...
Processing chr4_gl000193_random ...
Processing chrUn_gl000248 ...
Processing chrUn_gl000249 ...
Processing chrUn_gl000246 ...
Processing chrUn_gl000247 ...
Processing chrUn_gl000244 ...
Processing chrUn_gl000245 ...
Processing chrUn_gl000242 ...
Processing chrUn_gl000243 ...
Processing chrUn_gl000240 ...
Processing chrUn_gl000241 ...
Processing chr17_gl000204_random ...
Processing chr17_ctg5_hap1 ...
Processing chr17_gl000205_random ...
Processing chr9_gl000199_random ...
Processing chr9_gl000201_random ...
Processing chr8 ...
Processing chr9_gl000198_random ...
Processing chrUn_gl000239 ...
Processing chrUn_gl000238 ...
Processing chrUn_gl000233 ...
Processing chrUn_gl000232 ...
Processing chrUn_gl000231 ...
Processing chrUn_gl000230 ...
Processing chrUn_gl000237 ...
Processing chrUn_gl000236 ...
Processing chrUn_gl000235 ...
Processing chrUn_gl000234 ...
Processing chr6_qbl_hap6 ...
Processing chr11_gl000202_random ...
Processing chr17_gl000206_random ...
Processing chr6_cox_hap2 ...
Processing chr4_gl000193_random ...
Processing chrUn_gl000248 ...
Processing chrUn_gl000249 ...
Processing chrUn_gl000246 ...
Processing chrUn_gl000247 ...
Processing chrUn_gl000244 ...
Processing chrUn_gl000245 ...
Processing chrUn_gl000242 ...
Processing chrUn_gl000243 ...
Processing chrUn_gl000240 ...
Processing chrUn_gl000241 ...
Processing chr17_gl000204_random ...
Processing chr17_ctg5_hap1 ...
Processing chr17_gl000205_random ...
Processing chr9_gl000199_random ...
Processing chr9_gl000201_random ...
Processing chr8 ...
No alignments for chr17_gl000203_random. skipped
No alignments for chr4_gl000194_random. skipped
Processing chrY ...
Processing chrX ...
Processing chr6_ssto_hap7 ...
Processing chr8_gl000197_random ...
Processing chr6_dbb_hap3 ...
Processing chr7_gl000195_random ...
Processing chr1_gl000191_random ...
Processing chr4_ctg9_hap1 ...
Processing chr3 ...
Processing chr18 ...
Processing chr6_ssto_hap7 ...
Processing chr8_gl000197_random ...
Processing chr6_dbb_hap3 ...
Processing chr7_gl000195_random ...
Processing chr1_gl000191_random ...
Processing chr4_ctg9_hap1 ...
Processing chr3 ...
No alignments for chr9_gl000200_random. skipped
Processing chr9 ...
Processing chrUn_gl000229 ...
Processing chr1 ...
Processing chr6_ssto_hap7 ...
Processing chr8_gl000197_random ...
Processing chr6_dbb_hap3 ...
Processing chr7_gl000195_random ...
Processing chr1_gl000191_random ...
Processing chr4_ctg9_hap1 ...
Processing chr3 ...
Processing chr9_gl000198_random ...
Processing chrUn_gl000239 ...
Processing chrUn_gl000238 ...
Processing chrUn_gl000233 ...
Processing chrUn_gl000232 ...
Processing chrUn_gl000231 ...
Processing chrUn_gl000230 ...
Processing chrUn_gl000237 ...
Processing chrUn_gl000236 ...
Processing chrUn_gl000235 ...
Processing chrUn_gl000234 ...
Processing chr6_qbl_hap6 ...
Processing chr11_gl000202_random ...
Processing chr17_gl000206_random ...
Processing chr6_cox_hap2 ...
Processing chr4_gl000193_random ...
Processing chrUn_gl000248 ...
Processing chrUn_gl000249 ...
Processing chrUn_gl000246 ...
Processing chrUn_gl000247 ...
Processing chrUn_gl000244 ...
Processing chrUn_gl000245 ...
Processing chrUn_gl000242 ...
Processing chrUn_gl000243 ...
Processing chrUn_gl000240 ...
Processing chrUn_gl000241 ...
Processing chr17_gl000204_random ...
Processing chr17_ctg5_hap1 ...
Processing chr17_gl000205_random ...
Processing chr9_gl000199_random ...
Processing chr9_gl000201_random ...
Processing chr8 ...
Processing chrUn_gl000229 ...
Processing chr1 ...
Processing chr6_ssto_hap7 ...
Processing chr8_gl000197_random ...
Processing chr6_dbb_hap3 ...
Processing chr7_gl000195_random ...
Processing chr1_gl000191_random ...
Processing chr4_ctg9_hap1 ...
Processing chr3 ...
Processing chr6_ssto_hap7 ...
Processing chr8_gl000197_random ...
Processing chr6_dbb_hap3 ...
Processing chr7_gl000195_random ...
Processing chr1_gl000191_random ...
Processing chr4_ctg9_hap1 ...
Processing chr3 ...
Processing chrM ...
Processing chr17_gl000203_random ...
Processing chr4_gl000194_random ...
Processing chrY ...
Processing chrX ...
Processing chr17_gl000203_random ...
Processing chr4_gl000194_random ...
Processing chrY ...
Processing chrX ...
Processing chrUn_gl000229 ...
Processing chr1 ...
Processing chr6_ssto_hap7 ...
Processing chr8_gl000197_random ...
Processing chr6_dbb_hap3 ...
Processing chr7_gl000195_random ...
Processing chr1_gl000191_random ...
Processing chr4_ctg9_hap1 ...
Processing chr3 ...
Processing chr17_gl000203_random ...
Processing chr4_gl000194_random ...
Processing chrY ...
Processing chrX ...
No alignments for chr8_gl000196_random. skipped
No alignments for chr6_mann_hap4. skipped
No alignments for chrUn_gl000211. skipped
No alignments for chrUn_gl000213. skipped
No alignments for chrUn_gl000212. skipped
No alignments for chrUn_gl000215. skipped
No alignments for chrUn_gl000214. skipped
No alignments for chrUn_gl000217. skipped
No alignments for chrUn_gl000216. skipped
No alignments for chrUn_gl000219. skipped
No alignments for chrUn_gl000218. skipped
No alignments for chr19_gl000209_random. skipped
Processing chr22 ...
Processing chrUn_gl000229 ...
Processing chr1 ...
Processing chr9_gl000200_random ...
Processing chr9 ...
Processing chr9_gl000200_random ...
Processing chr9 ...
Processing chrUn_gl000229 ...
Processing chr1 ...
Processing chr20 ...
Processing chrUn_gl000229 ...
Processing chr1 ...
Processing chrUn_gl000229 ...
Processing chr1 ...
Processing chr9_gl000200_random ...
Processing chr9 ...
Processing chr17_gl000203_random ...
Processing chr4_gl000194_random ...
Processing chrY ...
Processing chrX ...
Processing chr21 ...
Processing chr17_gl000203_random ...
Processing chr4_gl000194_random ...
Processing chrY ...
Processing chrX ...
Processing chrM ...
Processing chrM ...
No alignments for chr6_mcf_hap5. skipped
Processing chr7 ...
Processing chrUn_gl000229 ...
Processing chr1 ...
Processing chrM ...
Processing chr9_gl000200_random ...
Processing chr9 ...
Processing chr8_gl000196_random ...
Processing chr6_mann_hap4 ...
Processing chrUn_gl000211 ...
Processing chrUn_gl000213 ...
Processing chrUn_gl000212 ...
Processing chrUn_gl000215 ...
Processing chrUn_gl000214 ...
Processing chrUn_gl000217 ...
Processing chrUn_gl000216 ...
Processing chrUn_gl000219 ...
Processing chrUn_gl000218 ...
Processing chr19_gl000209_random ...
Processing chr22 ...
Processing chr9_gl000200_random ...
Processing chr9 ...
Processing chr8_gl000196_random ...
Processing chr6_mann_hap4 ...
Processing chrUn_gl000211 ...
Processing chrUn_gl000213 ...
Processing chrUn_gl000212 ...
Processing chrUn_gl000215 ...
Processing chrUn_gl000214 ...
Processing chrUn_gl000217 ...
Processing chrUn_gl000216 ...
Processing chrUn_gl000219 ...
Processing chrUn_gl000218 ...
Processing chr19_gl000209_random ...
Processing chr22 ...
Processing chr8_gl000196_random ...
Processing chr6_mann_hap4 ...
Processing chrUn_gl000211 ...
Processing chrUn_gl000213 ...
Processing chrUn_gl000212 ...
Processing chrUn_gl000215 ...
Processing chrUn_gl000214 ...
Processing chrUn_gl000217 ...
Processing chrUn_gl000216 ...
Processing chrUn_gl000219 ...
Processing chrUn_gl000218 ...
Processing chr19_gl000209_random ...
Processing chr22 ...
Processing chr17_gl000203_random ...
Processing chr4_gl000194_random ...
Processing chrY ...
Processing chrX ...
Processing chr20 ...
Processing chr6 ...
Processing chr20 ...
Processing chr17_gl000203_random ...
Processing chr4_gl000194_random ...
Processing chr20 ...
Processing chrY ...
Processing chrX ...
Processing chr21 ...
Processing chrM ...
Processing chr17_gl000203_random ...
Processing chr4_gl000194_random ...
Processing chrY ...
Processing chrX ...
Processing chrM ...
Processing chr9_gl000200_random ...
Processing chr9 ...
Processing chr6_mcf_hap5 ...
Processing chr7 ...
Processing chr17_gl000203_random ...
Processing chr4_gl000194_random ...
Processing chrY ...
Processing chrX ...
Processing chr21 ...
Processing chr21 ...
Processing chr17_gl000203_random ...
Processing chr4_gl000194_random ...
Processing chrY ...
Processing chrX ...
Processing chr6_mcf_hap5 ...
Processing chr7 ...
Processing chr6_mcf_hap5 ...
Processing chr7 ...
Processing chr9_gl000200_random ...
Processing chr9 ...
Processing chr9_gl000200_random ...
Processing chr9 ...
Processing chr8_gl000196_random ...
Processing chr6_mann_hap4 ...
Processing chrUn_gl000211 ...
Processing chrUn_gl000213 ...
Processing chrUn_gl000212 ...
Processing chrUn_gl000215 ...
Processing chrUn_gl000214 ...
Processing chrUn_gl000217 ...
Processing chrUn_gl000216 ...
Processing chrUn_gl000219 ...
Processing chrUn_gl000218 ...
Processing chr19_gl000209_random ...
Processing chr22 ...
Processing chr5 ...
Processing chr9_gl000200_random ...
Processing chr9 ...
Processing chr8_gl000196_random ...
Processing chr6_mann_hap4 ...
Processing chrUn_gl000211 ...
Processing chrUn_gl000213 ...
Processing chrUn_gl000212 ...
Processing chrUn_gl000215 ...
Processing chrUn_gl000214 ...
Processing chrUn_gl000217 ...
Processing chrUn_gl000216 ...
Processing chrUn_gl000219 ...
Processing chrUn_gl000218 ...
Processing chr19_gl000209_random ...
Processing chr22 ...
Processing chr9_gl000200_random ...
Processing chr9 ...
Processing chrM ...
Processing chr20 ...
Processing chr6 ...
Processing chr17_gl000203_random ...
Processing chr4_gl000194_random ...
Processing chrY ...
Processing chrX ...
Processing chr20 ...
Processing chr6 ...
Processing chrM ...
Processing chrM ...
Processing chr21 ...
Processing chr6 ...
Processing chr4 ...
Processing chr8_gl000196_random ...
Processing chr6_mann_hap4 ...
Processing chrUn_gl000211 ...
Processing chrUn_gl000213 ...
Processing chrUn_gl000212 ...
Processing chrUn_gl000215 ...
Processing chrUn_gl000214 ...
Processing chrUn_gl000217 ...
Processing chrUn_gl000216 ...
Processing chrUn_gl000219 ...
Processing chrUn_gl000218 ...
Processing chr19_gl000209_random ...
Processing chr22 ...
Processing chrM ...
Processing chr6_mcf_hap5 ...
Processing chr7 ...
Processing chr21 ...
Processing chrM ...
Processing chr9_gl000200_random ...
Processing chr9 ...
No alignments for chrUn_gl000228. skipped
Processing chr2 ...
Processing chr8_gl000196_random ...
Processing chr6_mann_hap4 ...
Processing chrUn_gl000211 ...
Processing chrUn_gl000213 ...
Processing chrUn_gl000212 ...
Processing chrUn_gl000215 ...
Processing chrUn_gl000214 ...
Processing chrUn_gl000217 ...
Processing chrUn_gl000216 ...
Processing chrUn_gl000219 ...
Processing chrUn_gl000218 ...
Processing chr19_gl000209_random ...
Processing chr22 ...
Processing chr6_mcf_hap5 ...
Processing chr7 ...
Processing chr20 ...
Processing chr5 ...
Processing chr8_gl000196_random ...
Processing chr6_mann_hap4 ...
Processing chrUn_gl000211 ...
Processing chrUn_gl000213 ...
Processing chrUn_gl000212 ...
Processing chrUn_gl000215 ...
Processing chrUn_gl000214 ...
Processing chrUn_gl000217 ...
Processing chrUn_gl000216 ...
Processing chrUn_gl000219 ...
Processing chrUn_gl000218 ...
Processing chr19_gl000209_random ...
Processing chr22 ...
Processing chr5 ...
Processing chr21 ...
Processing chr8_gl000196_random ...
Processing chr6_mann_hap4 ...
Processing chrUn_gl000211 ...
Processing chrUn_gl000213 ...
Processing chrUn_gl000212 ...
Processing chrUn_gl000215 ...
Processing chrUn_gl000214 ...
Processing chrUn_gl000217 ...
Processing chrUn_gl000216 ...
Processing chrUn_gl000219 ...
Processing chr20 ...
Processing chrUn_gl000218 ...
Processing chr19_gl000209_random ...
Processing chr22 ...
Processing chr8_gl000196_random ...
Processing chr6_mann_hap4 ...
Processing chrUn_gl000211 ...
Processing chrUn_gl000213 ...
Processing chrUn_gl000212 ...
Processing chrUn_gl000215 ...
Processing chrUn_gl000214 ...
Processing chrUn_gl000217 ...
Processing chrUn_gl000216 ...
Processing chrUn_gl000219 ...
Processing chrUn_gl000218 ...
Processing chr19_gl000209_random ...
Processing chr22 ...
Processing chr5 ...
Processing chr6_mcf_hap5 ...
Processing chr7 ...
Processing chr20 ...
Processing chrM ...
Processing chr6 ...
Processing chr21 ...
Processing chr20 ...
Processing chr20 ...
Processing chr4 ...
Processing chr6_mcf_hap5 ...
Processing chr7 ...
Processing chr21 ...
Processing chr6 ...
No alignments for chr1_gl000192_random. skipped
No alignments for chrUn_gl000224. skipped
No alignments for chrUn_gl000225. skipped
No alignments for chrUn_gl000226. skipped
No alignments for chrUn_gl000227. skipped
No alignments for chrUn_gl000220. skipped
No alignments for chrUn_gl000221. skipped
No alignments for chrUn_gl000222. skipped
No alignments for chrUn_gl000223. skipped
No alignments for chr18_gl000207_random. skipped


total wigsum is:15686423671.0

No alignments for chr19_gl000208_random. skipped
No alignments for chr21_gl000210_random. skipped
No alignments for chr6_apd_hap1. skipped
Processing chr13 ...
Processing chr21 ...
Processing chr4 ...
Processing chr21 ...
Processing chr6_mcf_hap5 ...
Processing chr7 ...
Processing chrUn_gl000228 ...
Processing chr2 ...
Processing chr8_gl000196_random ...
Processing chr6_mann_hap4 ...
Processing chrUn_gl000211 ...
Processing chrUn_gl000213 ...
Processing chrUn_gl000212 ...
Processing chrUn_gl000215 ...
Processing chrUn_gl000214 ...
Processing chrUn_gl000217 ...
Processing chrUn_gl000216 ...
Processing chrUn_gl000219 ...
Processing chrUn_gl000218 ...
Processing chr19_gl000209_random ...
Processing chr22 ...
Processing chr4 ...
Processing chr6_mcf_hap5 ...
Processing chr7 ...
Processing chr6_mcf_hap5 ...
Processing chr7 ...
Processing chrUn_gl000228 ...
Processing chr2 ...
Processing chr5 ...
Processing chrUn_gl000228 ...
Processing chr2 ...
Processing chr6 ...
Processing chr20 ...
Processing chr5 ...
Processing chr6 ...
Processing chr21 ...
Processing chr6_mcf_hap5 ...
Processing chr7 ...
Processing chr6 ...
Processing chr6 ...
Processing chr6 ...
Processing chr1_gl000192_random ...
Processing chrUn_gl000224 ...
Processing chrUn_gl000225 ...
Processing chrUn_gl000226 ...
Processing chrUn_gl000227 ...
Processing chrUn_gl000220 ...
Processing chrUn_gl000221 ...
Processing chrUn_gl000222 ...
Processing chrUn_gl000223 ...
Processing chr18_gl000207_random ...


total wigsum is:17753134810.0

Processing chr19_gl000208_random ...
Processing chr21_gl000210_random ...
Processing chr6_apd_hap1 ...
Processing chr13 ...
Processing chr4 ...
Processing chr5 ...
Processing chr1_gl000192_random ...
Processing chrUn_gl000224 ...
Processing chrUn_gl000225 ...
Processing chrUn_gl000226 ...
Processing chrUn_gl000227 ...
Processing chrUn_gl000220 ...
Processing chrUn_gl000221 ...
Processing chrUn_gl000222 ...
Processing chrUn_gl000223 ...
Processing chr18_gl000207_random ...


total wigsum is:17734944924.0

Processing chr19_gl000208_random ...
Processing chr21_gl000210_random ...
Processing chr6_apd_hap1 ...
Processing chr13 ...
Processing chr4 ...
Processing chr1_gl000192_random ...
Processing chrUn_gl000224 ...
Processing chrUn_gl000225 ...
Processing chrUn_gl000226 ...
Processing chrUn_gl000227 ...
Processing chrUn_gl000220 ...
Processing chrUn_gl000221 ...
Processing chrUn_gl000222 ...
Processing chrUn_gl000223 ...
Processing chr18_gl000207_random ...


total wigsum is:18139008400.0

Processing chr19_gl000208_random ...
Processing chr21_gl000210_random ...
Processing chr6_apd_hap1 ...
Processing chr13 ...
Processing chrUn_gl000228 ...
Processing chr2 ...
Processing chr5 ...
Processing chr5 ...
Processing chrUn_gl000228 ...
Processing chr2 ...
Processing chr6 ...
Processing chr5 ...
Processing chr5 ...
Processing chr12 ...
Processing chr4 ...
Processing chr4 ...
Processing chrUn_gl000228 ...
Processing chr2 ...
Processing chr4 ...
Processing chr1_gl000192_random ...
Processing chrUn_gl000224 ...
Processing chrUn_gl000225 ...
Processing chrUn_gl000226 ...
Processing chrUn_gl000227 ...
Processing chrUn_gl000220 ...
Processing chrUn_gl000221 ...
Processing chrUn_gl000222 ...
Processing chrUn_gl000223 ...
Processing chr18_gl000207_random ...


total wigsum is:18979817129.0

Processing chr19_gl000208_random ...
Processing chr21_gl000210_random ...
Processing chr6_apd_hap1 ...
Processing chr13 ...
Processing chrUn_gl000228 ...
Processing chr2 ...
Processing chr4 ...
Processing chr5 ...
Processing chr4 ...
Processing chrUn_gl000228 ...
Processing chr2 ...
Processing chrUn_gl000228 ...
Processing chr2 ...
Processing chr1_gl000192_random ...
Processing chrUn_gl000224 ...
Processing chrUn_gl000225 ...
Processing chrUn_gl000226 ...
Processing chrUn_gl000227 ...
Processing chrUn_gl000220 ...
Processing chrUn_gl000221 ...
Processing chrUn_gl000222 ...
Processing chrUn_gl000223 ...
Processing chr18_gl000207_random ...


total wigsum is:19940140128.0

Processing chr19_gl000208_random ...
Processing chr21_gl000210_random ...
Processing chr6_apd_hap1 ...
Processing chr13 ...
Processing chrUn_gl000228 ...
Processing chr2 ...
Processing chr12 ...
Processing chr12 ...
Processing chr4 ...
Processing chr1_gl000192_random ...
Processing chrUn_gl000224 ...
Processing chrUn_gl000225 ...
Processing chrUn_gl000226 ...
Processing chrUn_gl000227 ...
Processing chrUn_gl000220 ...
Processing chrUn_gl000221 ...
Processing chrUn_gl000222 ...
Processing chrUn_gl000223 ...
Processing chr18_gl000207_random ...


total wigsum is:20426417434.0

Processing chr19_gl000208_random ...
Processing chr21_gl000210_random ...
Processing chr6_apd_hap1 ...
Processing chr13 ...
Processing chr1_gl000192_random ...
Processing chrUn_gl000224 ...
Processing chrUn_gl000225 ...
Processing chrUn_gl000226 ...
Processing chrUn_gl000227 ...
Processing chrUn_gl000220 ...
Processing chrUn_gl000221 ...
Processing chrUn_gl000222 ...
Processing chrUn_gl000223 ...
Processing chr18_gl000207_random ...


total wigsum is:20513594254.0

Processing chr19_gl000208_random ...
Processing chr21_gl000210_random ...
Processing chr6_apd_hap1 ...
Processing chr13 ...
Processing chrUn_gl000228 ...
Processing chr2 ...
Processing chr12 ...
Processing chr1_gl000192_random ...
Processing chrUn_gl000224 ...
Processing chrUn_gl000225 ...
Processing chrUn_gl000226 ...
Processing chrUn_gl000227 ...
Processing chrUn_gl000220 ...
Processing chrUn_gl000221 ...
Processing chrUn_gl000222 ...
Processing chrUn_gl000223 ...
Processing chr18_gl000207_random ...


total wigsum is:20623886754.0

Processing chr19_gl000208_random ...
Processing chr21_gl000210_random ...
Processing chr6_apd_hap1 ...
Processing chr13 ...
Processing chr1_gl000192_random ...
Processing chrUn_gl000224 ...
Processing chrUn_gl000225 ...
Processing chrUn_gl000226 ...
Processing chrUn_gl000227 ...
Processing chrUn_gl000220 ...
Processing chrUn_gl000221 ...
Processing chrUn_gl000222 ...
Processing chrUn_gl000223 ...
Processing chr18_gl000207_random ...


total wigsum is:21097054633.0

Processing chr19_gl000208_random ...
Processing chr21_gl000210_random ...
Processing chr6_apd_hap1 ...
Processing chr13 ...
Processing chr1_gl000192_random ...
Processing chrUn_gl000224 ...
Processing chrUn_gl000225 ...
Processing chrUn_gl000226 ...
Processing chrUn_gl000227 ...
Processing chrUn_gl000220 ...
Processing chrUn_gl000221 ...
Processing chrUn_gl000222 ...
Processing chrUn_gl000223 ...
Processing chr18_gl000207_random ...


total wigsum is:21139976795.0

Processing chr19_gl000208_random ...
Processing chr21_gl000210_random ...
Processing chr6_apd_hap1 ...
Processing chr13 ...
Processing chr1_gl000192_random ...
Processing chrUn_gl000224 ...
Processing chrUn_gl000225 ...
Processing chrUn_gl000226 ...
Processing chrUn_gl000227 ...
Processing chrUn_gl000220 ...
Processing chrUn_gl000221 ...
Processing chrUn_gl000222 ...
Processing chrUn_gl000223 ...
Processing chr18_gl000207_random ...


total wigsum is:21791561664.0

Processing chr19_gl000208_random ...
Processing chr21_gl000210_random ...
Processing chr6_apd_hap1 ...
Processing chr13 ...
Processing chr12 ...
Processing chr12 ...
Processing chr12 ...
Processing chr12 ...
Processing chr12 ...
Processing chr12 ...
Processing chr12 ...
Processing chr12 ...
Processing chr11 ...
Processing chr11 ...
Processing chr11 ...
Processing chr11 ...
Processing chr11 ...
Processing chr11 ...
Processing chr11 ...
Processing chr11 ...
Processing chr11 ...
Processing chr11 ...
Processing chr10 ...
Processing chr11 ...
Processing chr11 ...
Processing chr10 ...
Processing chr10 ...
Processing chr10 ...
Processing chr17 ...
Processing chr10 ...
Processing chr10 ...
Processing chr17 ...
Processing chr10 ...
Processing chr10 ...
Processing chr10 ...
Processing chr10 ...
Processing chr17 ...
Processing chr17 ...
Processing chr10 ...
Processing chr10 ...
Processing chr16 ...
Processing chr17 ...
Processing chr17 ...
Processing chr17 ...
Processing chr15 ...
Processing chr17 ...
Processing chr17 ...
Processing chr16 ...
Processing chr17 ...
Processing chr16 ...
Processing chr16 ...
Processing chr17 ...
Processing chr17 ...
Processing chr14 ...
Processing chr15 ...
Processing chr15 ...
Processing chr15 ...
Processing chr16 ...
Processing chr16 ...
Processing chr16 ...
Processing chr16 ...
Processing chr16 ...
Processing chr14 ...
Processing chr16 ...
Processing chr14 ...
Processing chr16 ...
Processing chr14 ...
Processing chr15 ...
Processing chr19 ...
Processing chr15 ...
Processing chr16 ...
Processing chr15 ...
Processing chr15 ...
Processing chr15 ...
Processing chr15 ...
Processing chr15 ...
Processing chr14 ...
Processing chr14 ...
Processing chr18 ...
Processing chr15 ...
Processing chr19 ...
No alignments for chr9_gl000198_random. skipped
No alignments for chrUn_gl000239. skipped
No alignments for chrUn_gl000238. skipped
No alignments for chrUn_gl000233. skipped
No alignments for chrUn_gl000232. skipped
No alignments for chrUn_gl000231. skipped
No alignments for chrUn_gl000230. skipped
No alignments for chrUn_gl000237. skipped
No alignments for chrUn_gl000236. skipped
No alignments for chrUn_gl000235. skipped
No alignments for chrUn_gl000234. skipped
No alignments for chr6_qbl_hap6. skipped
No alignments for chr11_gl000202_random. skipped
No alignments for chr17_gl000206_random. skipped
No alignments for chr6_cox_hap2. skipped
No alignments for chr4_gl000193_random. skipped
No alignments for chrUn_gl000248. skipped
No alignments for chrUn_gl000249. skipped
No alignments for chrUn_gl000246. skipped
No alignments for chrUn_gl000247. skipped
No alignments for chrUn_gl000244. skipped
No alignments for chrUn_gl000245. skipped
No alignments for chrUn_gl000242. skipped
No alignments for chrUn_gl000243. skipped
No alignments for chrUn_gl000240. skipped
No alignments for chrUn_gl000241. skipped
No alignments for chr17_gl000204_random. skipped
No alignments for chr17_ctg5_hap1. skipped
No alignments for chr17_gl000205_random. skipped
No alignments for chr9_gl000199_random. skipped
No alignments for chr9_gl000201_random. skipped
Processing chr8 ...
Processing chr19 ...
Processing chr14 ...
Processing chr14 ...
Processing chr19 ...
Processing chr14 ...
Processing chr14 ...
No alignments for chr6_ssto_hap7. skipped
No alignments for chr8_gl000197_random. skipped
No alignments for chr6_dbb_hap3. skipped
No alignments for chr7_gl000195_random. skipped
No alignments for chr1_gl000191_random. skipped
No alignments for chr4_ctg9_hap1. skipped
Processing chr3 ...
Processing chr14 ...
Processing chr18 ...
Processing chr14 ...
Processing chr19 ...
Processing chr18 ...
Processing chr19 ...
Processing chr18 ...
Processing chr9_gl000198_random ...
Processing chrUn_gl000239 ...
Processing chrUn_gl000238 ...
Processing chrUn_gl000233 ...
Processing chrUn_gl000232 ...
Processing chrUn_gl000231 ...
Processing chrUn_gl000230 ...
Processing chrUn_gl000237 ...
Processing chrUn_gl000236 ...
Processing chrUn_gl000235 ...
Processing chrUn_gl000234 ...
Processing chr6_qbl_hap6 ...
Processing chr11_gl000202_random ...
Processing chr17_gl000206_random ...
Processing chr6_cox_hap2 ...
Processing chr4_gl000193_random ...
Processing chrUn_gl000248 ...
Processing chrUn_gl000249 ...
Processing chrUn_gl000246 ...
Processing chrUn_gl000247 ...
Processing chrUn_gl000244 ...
Processing chrUn_gl000245 ...
Processing chrUn_gl000242 ...
Processing chrUn_gl000243 ...
Processing chrUn_gl000240 ...
Processing chrUn_gl000241 ...
Processing chr17_gl000204_random ...
Processing chr17_ctg5_hap1 ...
Processing chr17_gl000205_random ...
Processing chr9_gl000199_random ...
Processing chr9_gl000201_random ...
Processing chr8 ...
Processing chr9_gl000198_random ...
Processing chrUn_gl000239 ...
Processing chrUn_gl000238 ...
Processing chrUn_gl000233 ...
Processing chrUn_gl000232 ...
Processing chrUn_gl000231 ...
Processing chrUn_gl000230 ...
Processing chrUn_gl000237 ...
Processing chrUn_gl000236 ...
Processing chrUn_gl000235 ...
Processing chrUn_gl000234 ...
Processing chr6_qbl_hap6 ...
Processing chr11_gl000202_random ...
Processing chr17_gl000206_random ...
Processing chr6_cox_hap2 ...
Processing chr4_gl000193_random ...
Processing chrUn_gl000248 ...
Processing chrUn_gl000249 ...
Processing chrUn_gl000246 ...
Processing chrUn_gl000247 ...
Processing chrUn_gl000244 ...
Processing chrUn_gl000245 ...
Processing chrUn_gl000242 ...
Processing chrUn_gl000243 ...
Processing chrUn_gl000240 ...
Processing chrUn_gl000241 ...
Processing chr17_gl000204_random ...
Processing chr17_ctg5_hap1 ...
Processing chr17_gl000205_random ...
Processing chr9_gl000199_random ...
Processing chr9_gl000201_random ...
Processing chr8 ...
Processing chr9_gl000198_random ...
Processing chrUn_gl000239 ...
Processing chrUn_gl000238 ...
Processing chrUn_gl000233 ...
Processing chrUn_gl000232 ...
Processing chrUn_gl000231 ...
Processing chrUn_gl000230 ...
Processing chrUn_gl000237 ...
Processing chrUn_gl000236 ...
Processing chrUn_gl000235 ...
Processing chrUn_gl000234 ...
Processing chr6_qbl_hap6 ...
Processing chr11_gl000202_random ...
Processing chr17_gl000206_random ...
Processing chr6_cox_hap2 ...
Processing chr4_gl000193_random ...
Processing chrUn_gl000248 ...
Processing chrUn_gl000249 ...
Processing chrUn_gl000246 ...
Processing chrUn_gl000247 ...
Processing chrUn_gl000244 ...
Processing chrUn_gl000245 ...
Processing chrUn_gl000242 ...
Processing chrUn_gl000243 ...
Processing chrUn_gl000240 ...
Processing chrUn_gl000241 ...
Processing chr17_gl000204_random ...
Processing chr17_ctg5_hap1 ...
Processing chr17_gl000205_random ...
Processing chr9_gl000199_random ...
Processing chr9_gl000201_random ...
Processing chr8 ...
Processing chr19 ...
Processing chr19 ...
Processing chr19 ...
No alignments for chrUn_gl000229. skipped
Processing chr1 ...
Processing chr19 ...
Processing chr6_ssto_hap7 ...
Processing chr8_gl000197_random ...
Processing chr6_dbb_hap3 ...
Processing chr7_gl000195_random ...
Processing chr1_gl000191_random ...
Processing chr4_ctg9_hap1 ...
Processing chr3 ...
